# JRE version: OpenJDK Runtime Environment Temurin-17.0.4.1+1 (17.0.4.1+1) (build 17.0.4.1+1)
# Java VM: OpenJDK 64-Bit Server VM Temurin-17.0.4.1+1 (17.0.4.1+1, mixed mode, tiered, compressed oops, compressed class ptrs, parallel gc, windows-amd64)
GC Precious Log:
 CPUs: 8 total, 8 available
 Memory: 20218M
 Large Page Support: Disabled
 NUMA Support: Disabled
 Compressed Oops: Enabled (32-bit)
 Alignments: Space 512K, Generation 512K, Heap 2M
 Heap Min Capacity: 100M
 Heap Initial Capacity: 100M
 Heap Max Capacity: 1G
 Pre-touch: Disabled
 Parallel Workers: 8
Heap:
 PSYoungGen      total 6656K, used 1140K [0x00000000eab00000, 0x00000000eb380000, 0x0000000100000000)
  eden space 5632K, 2% used [0x00000000eab00000,0x00000000eab1d288,0x00000000eb080000)
  from space 1024K, 100% used [0x00000000eb180000,0x00000000eb280000,0x00000000eb280000)
  to   space 1024K, 0% used [0x00000000eb280000,0x00000000eb280000,0x00000000eb380000)
 ParOldGen       total 206848K, used 194410K [0x00000000c0000000, 0x00000000cca00000, 0x00000000eab00000)
  object space 206848K, 93% used [0x00000000c0000000,0x00000000cbddab30,0x00000000cca00000)
 Metaspace       used 60198K, committed 61312K, reserved 1105920K
  class space    used 6266K, committed 6784K, reserved 1048576K
GC Heap History (20 events):
Event: 18.547 GC heap before
{Heap before GC invocations=183 (full 8):
 PSYoungGen      total 4608K, used 4373K [0x00000000eab00000, 0x00000000eb100000, 0x0000000100000000)
  eden space 3072K, 100% used [0x00000000eab00000,0x00000000eae00000,0x00000000eae00000)
  from space 1536K, 84% used [0x00000000eaf80000,0x00000000eb0c5598,0x00000000eb100000)
  to   space 1536K, 0% used [0x00000000eae00000,0x00000000eae00000,0x00000000eaf80000)
 ParOldGen       total 206848K, used 188050K [0x00000000c0000000, 0x00000000cca00000, 0x00000000eab00000)
  object space 206848K, 90% used [0x00000000c0000000,0x00000000cb7a4bc8,0x00000000cca00000)
 Metaspace       used 59206K, committed 60288K, reserved 1105920K
  class space    used 6179K, committed 6656K, reserved 1048576K
}
Event: 18.549 GC heap after
{Heap after GC invocations=183 (full 8):
 PSYoungGen      total 4608K, used 1114K [0x00000000eab00000, 0x00000000eb200000, 0x0000000100000000)
  eden space 3072K, 0% used [0x00000000eab00000,0x00000000eab00000,0x00000000eae00000)
  from space 1536K, 72% used [0x00000000eae00000,0x00000000eaf16908,0x00000000eaf80000)
  to   space 1536K, 0% used [0x00000000eb080000,0x00000000eb080000,0x00000000eb200000)
 ParOldGen       total 206848K, used 188435K [0x00000000c0000000, 0x00000000cca00000, 0x00000000eab00000)
  object space 206848K, 91% used [0x00000000c0000000,0x00000000cb804d20,0x00000000cca00000)
 Metaspace       used 59206K, committed 60288K, reserved 1105920K
  class space    used 6179K, committed 6656K, reserved 1048576K
}
Event: 18.558 GC heap before
{Heap before GC invocations=184 (full 8):
 PSYoungGen      total 4608K, used 4186K [0x00000000eab00000, 0x00000000eb200000, 0x0000000100000000)
  eden space 3072K, 100% used [0x00000000eab00000,0x00000000eae00000,0x00000000eae00000)
  from space 1536K, 72% used [0x00000000eae00000,0x00000000eaf16908,0x00000000eaf80000)
  to   space 1536K, 0% used [0x00000000eb080000,0x00000000eb080000,0x00000000eb200000)
 ParOldGen       total 206848K, used 188435K [0x00000000c0000000, 0x00000000cca00000, 0x00000000eab00000)
  object space 206848K, 91% used [0x00000000c0000000,0x00000000cb804d20,0x00000000cca00000)
 Metaspace       used 59209K, committed 60288K, reserved 1105920K
  class space    used 6179K, committed 6656K, reserved 1048576K
}
Event: 18.560 GC heap after
{Heap after GC invocations=184 (full 8):
 PSYoungGen      total 5120K, used 939K [0x00000000eab00000, 0x00000000eb180000, 0x0000000100000000)
  eden space 4096K, 0% used [0x00000000eab00000,0x00000000eab00000,0x00000000eaf00000)
  from space 1024K, 91% used [0x00000000eb080000,0x00000000eb16adc8,0x00000000eb180000)
  to   space 1024K, 0% used [0x00000000eaf80000,0x00000000eaf80000,0x00000000eb080000)
 ParOldGen       total 206848K, used 189342K [0x00000000c0000000, 0x00000000cca00000, 0x00000000eab00000)
  object space 206848K, 91% used [0x00000000c0000000,0x00000000cb8e7a60,0x00000000cca00000)
 Metaspace       used 59209K, committed 60288K, reserved 1105920K
  class space    used 6179K, committed 6656K, reserved 1048576K
}
Event: 18.576 GC heap before
{Heap before GC invocations=185 (full 8):
 PSYoungGen      total 5120K, used 5035K [0x00000000eab00000, 0x00000000eb180000, 0x0000000100000000)
  eden space 4096K, 100% used [0x00000000eab00000,0x00000000eaf00000,0x00000000eaf00000)
  from space 1024K, 91% used [0x00000000eb080000,0x00000000eb16adc8,0x00000000eb180000)
  to   space 1024K, 0% used [0x00000000eaf80000,0x00000000eaf80000,0x00000000eb080000)
 ParOldGen       total 206848K, used 189342K [0x00000000c0000000, 0x00000000cca00000, 0x00000000eab00000)
  object space 206848K, 91% used [0x00000000c0000000,0x00000000cb8e7a60,0x00000000cca00000)
 Metaspace       used 59210K, committed 60288K, reserved 1105920K
  class space    used 6179K, committed 6656K, reserved 1048576K
}
Event: 18.578 GC heap after
{Heap after GC invocations=185 (full 8):
 PSYoungGen      total 5632K, used 1005K [0x00000000eab00000, 0x00000000eb500000, 0x0000000100000000)
  eden space 4608K, 0% used [0x00000000eab00000,0x00000000eab00000,0x00000000eaf80000)
  from space 1024K, 98% used [0x00000000eaf80000,0x00000000eb07b688,0x00000000eb080000)
  to   space 2560K, 0% used [0x00000000eb280000,0x00000000eb280000,0x00000000eb500000)
 ParOldGen       total 206848K, used 190254K [0x00000000c0000000, 0x00000000cca00000, 0x00000000eab00000)
  object space 206848K, 91% used [0x00000000c0000000,0x00000000cb9cba88,0x00000000cca00000)
 Metaspace       used 59210K, committed 60288K, reserved 1105920K
  class space    used 6179K, committed 6656K, reserved 1048576K
}
Event: 18.590 GC heap before
{Heap before GC invocations=186 (full 8):
 PSYoungGen      total 5632K, used 5613K [0x00000000eab00000, 0x00000000eb500000, 0x0000000100000000)
  eden space 4608K, 100% used [0x00000000eab00000,0x00000000eaf80000,0x00000000eaf80000)
  from space 1024K, 98% used [0x00000000eaf80000,0x00000000eb07b688,0x00000000eb080000)
  to   space 2560K, 0% used [0x00000000eb280000,0x00000000eb280000,0x00000000eb500000)
 ParOldGen       total 206848K, used 190254K [0x00000000c0000000, 0x00000000cca00000, 0x00000000eab00000)
  object space 206848K, 91% used [0x00000000c0000000,0x00000000cb9cba88,0x00000000cca00000)
 Metaspace       used 59215K, committed 60288K, reserved 1105920K
  class space    used 6179K, committed 6656K, reserved 1048576K
}
Event: 18.591 GC heap after
{Heap after GC invocations=186 (full 8):
 PSYoungGen      total 6656K, used 862K [0x00000000eab00000, 0x00000000eb380000, 0x0000000100000000)
  eden space 5632K, 0% used [0x00000000eab00000,0x00000000eab00000,0x00000000eb080000)
  from space 1024K, 84% used [0x00000000eb280000,0x00000000eb357b18,0x00000000eb380000)
  to   space 1536K, 0% used [0x00000000eb080000,0x00000000eb080000,0x00000000eb200000)
 ParOldGen       total 206848K, used 190809K [0x00000000c0000000, 0x00000000cca00000, 0x00000000eab00000)
  object space 206848K, 92% used [0x00000000c0000000,0x00000000cba56508,0x00000000cca00000)
 Metaspace       used 59215K, committed 60288K, reserved 1105920K
  class space    used 6179K, committed 6656K, reserved 1048576K
}
Event: 18.606 GC heap before
{Heap before GC invocations=187 (full 8):
 PSYoungGen      total 6656K, used 6494K [0x00000000eab00000, 0x00000000eb380000, 0x0000000100000000)
  eden space 5632K, 100% used [0x00000000eab00000,0x00000000eb080000,0x00000000eb080000)
  from space 1024K, 84% used [0x00000000eb280000,0x00000000eb357b18,0x00000000eb380000)
  to   space 1536K, 0% used [0x00000000eb080000,0x00000000eb080000,0x00000000eb200000)
 ParOldGen       total 206848K, used 190809K [0x00000000c0000000, 0x00000000cca00000, 0x00000000eab00000)
  object space 206848K, 92% used [0x00000000c0000000,0x00000000cba56508,0x00000000cca00000)
 Metaspace       used 59217K, committed 60288K, reserved 1105920K
  class space    used 6179K, committed 6656K, reserved 1048576K
}
Event: 18.607 GC heap after
{Heap after GC invocations=187 (full 8):
 PSYoungGen      total 7168K, used 964K [0x00000000eab00000, 0x00000000eb380000, 0x0000000100000000)
  eden space 5632K, 0% used [0x00000000eab00000,0x00000000eab00000,0x00000000eb080000)
  from space 1536K, 62% used [0x00000000eb080000,0x00000000eb171358,0x00000000eb200000)
  to   space 1024K, 0% used [0x00000000eb280000,0x00000000eb280000,0x00000000eb380000)
 ParOldGen       total 206848K, used 191233K [0x00000000c0000000, 0x00000000cca00000, 0x00000000eab00000)
  object space 206848K, 92% used [0x00000000c0000000,0x00000000cbac07f0,0x00000000cca00000)
 Metaspace       used 59217K, committed 60288K, reserved 1105920K
  class space    used 6179K, committed 6656K, reserved 1048576K
}
Event: 18.620 GC heap before
{Heap before GC invocations=188 (full 8):
 PSYoungGen      total 7168K, used 6596K [0x00000000eab00000, 0x00000000eb380000, 0x0000000100000000)
  eden space 5632K, 100% used [0x00000000eab00000,0x00000000eb080000,0x00000000eb080000)
  from space 1536K, 62% used [0x00000000eb080000,0x00000000eb171358,0x00000000eb200000)
  to   space 1024K, 0% used [0x00000000eb280000,0x00000000eb280000,0x00000000eb380000)
 ParOldGen       total 206848K, used 191233K [0x00000000c0000000, 0x00000000cca00000, 0x00000000eab00000)
  object space 206848K, 92% used [0x00000000c0000000,0x00000000cbac07f0,0x00000000cca00000)
 Metaspace       used 59219K, committed 60288K, reserved 1105920K
  class space    used 6179K, committed 6656K, reserved 1048576K
}
Event: 18.622 GC heap after
{Heap after GC invocations=188 (full 8):
 PSYoungGen      total 6656K, used 997K [0x00000000eab00000, 0x00000000eb580000, 0x0000000100000000)
  eden space 5632K, 0% used [0x00000000eab00000,0x00000000eab00000,0x00000000eb080000)
  from space 1024K, 97% used [0x00000000eb280000,0x00000000eb3794a8,0x00000000eb380000)
  to   space 2048K, 0% used [0x00000000eb080000,0x00000000eb080000,0x00000000eb280000)
 ParOldGen       total 206848K, used 191873K [0x00000000c0000000, 0x00000000cca00000, 0x00000000eab00000)
  object space 206848K, 92% used [0x00000000c0000000,0x00000000cbb60568,0x00000000cca00000)
 Metaspace       used 59219K, committed 60288K, reserved 1105920K
  class space    used 6179K, committed 6656K, reserved 1048576K
}
Event: 18.655 GC heap before
{Heap before GC invocations=189 (full 8):
 PSYoungGen      total 6656K, used 6485K [0x00000000eab00000, 0x00000000eb580000, 0x0000000100000000)
  eden space 5632K, 97% used [0x00000000eab00000,0x00000000eb05c250,0x00000000eb080000)
  from space 1024K, 97% used [0x00000000eb280000,0x00000000eb3794a8,0x00000000eb380000)
  to   space 2048K, 0% used [0x00000000eb080000,0x00000000eb080000,0x00000000eb280000)
 ParOldGen       total 206848K, used 191873K [0x00000000c0000000, 0x00000000cca00000, 0x00000000eab00000)
  object space 206848K, 92% used [0x00000000c0000000,0x00000000cbb60568,0x00000000cca00000)
 Metaspace       used 59220K, committed 60288K, reserved 1105920K
  class space    used 6179K, committed 6656K, reserved 1048576K
}
Event: 18.657 GC heap after
{Heap after GC invocations=189 (full 8):
 PSYoungGen      total 7680K, used 1437K [0x00000000eab00000, 0x00000000eb480000, 0x0000000100000000)
  eden space 5632K, 0% used [0x00000000eab00000,0x00000000eab00000,0x00000000eb080000)
  from space 2048K, 70% used [0x00000000eb080000,0x00000000eb1e7468,0x00000000eb280000)
  to   space 1536K, 0% used [0x00000000eb300000,0x00000000eb300000,0x00000000eb480000)
 ParOldGen       total 206848K, used 192271K [0x00000000c0000000, 0x00000000cca00000, 0x00000000eab00000)
  object space 206848K, 92% used [0x00000000c0000000,0x00000000cbbc3f50,0x00000000cca00000)
 Metaspace       used 59220K, committed 60288K, reserved 1105920K
  class space    used 6179K, committed 6656K, reserved 1048576K
}
Event: 18.680 GC heap before
{Heap before GC invocations=190 (full 8):
 PSYoungGen      total 7680K, used 7069K [0x00000000eab00000, 0x00000000eb480000, 0x0000000100000000)
  eden space 5632K, 100% used [0x00000000eab00000,0x00000000eb080000,0x00000000eb080000)
  from space 2048K, 70% used [0x00000000eb080000,0x00000000eb1e7468,0x00000000eb280000)
  to   space 1536K, 0% used [0x00000000eb300000,0x00000000eb300000,0x00000000eb480000)
 ParOldGen       total 206848K, used 192271K [0x00000000c0000000, 0x00000000cca00000, 0x00000000eab00000)
  object space 206848K, 92% used [0x00000000c0000000,0x00000000cbbc3f50,0x00000000cca00000)
 Metaspace       used 59581K, committed 60608K, reserved 1105920K
  class space    used 6206K, committed 6656K, reserved 1048576K
}
Event: 18.682 GC heap after
{Heap after GC invocations=190 (full 8):
 PSYoungGen      total 6656K, used 953K [0x00000000eab00000, 0x00000000eb400000, 0x0000000100000000)
  eden space 5632K, 0% used [0x00000000eab00000,0x00000000eab00000,0x00000000eb080000)
  from space 1024K, 93% used [0x00000000eb300000,0x00000000eb3ee5b8,0x00000000eb400000)
  to   space 1536K, 0% used [0x00000000eb100000,0x00000000eb100000,0x00000000eb280000)
 ParOldGen       total 206848K, used 192778K [0x00000000c0000000, 0x00000000cca00000, 0x00000000eab00000)
  object space 206848K, 93% used [0x00000000c0000000,0x00000000cbc42858,0x00000000cca00000)
 Metaspace       used 59581K, committed 60608K, reserved 1105920K
  class space    used 6206K, committed 6656K, reserved 1048576K
}
Event: 18.724 GC heap before
{Heap before GC invocations=191 (full 8):
 PSYoungGen      total 6656K, used 6585K [0x00000000eab00000, 0x00000000eb400000, 0x0000000100000000)
  eden space 5632K, 100% used [0x00000000eab00000,0x00000000eb080000,0x00000000eb080000)
  from space 1024K, 93% used [0x00000000eb300000,0x00000000eb3ee5b8,0x00000000eb400000)
  to   space 1536K, 0% used [0x00000000eb100000,0x00000000eb100000,0x00000000eb280000)
 ParOldGen       total 206848K, used 192778K [0x00000000c0000000, 0x00000000cca00000, 0x00000000eab00000)
  object space 206848K, 93% used [0x00000000c0000000,0x00000000cbc42908,0x00000000cca00000)
 Metaspace       used 60137K, committed 61184K, reserved 1105920K
  class space    used 6261K, committed 6720K, reserved 1048576K
}
Event: 18.726 GC heap after
{Heap after GC invocations=191 (full 8):
 PSYoungGen      total 7168K, used 862K [0x00000000eab00000, 0x00000000eb380000, 0x0000000100000000)
  eden space 5632K, 0% used [0x00000000eab00000,0x00000000eab00000,0x00000000eb080000)
  from space 1536K, 56% used [0x00000000eb100000,0x00000000eb1d78a8,0x00000000eb280000)
  to   space 1024K, 0% used [0x00000000eb280000,0x00000000eb280000,0x00000000eb380000)
 ParOldGen       total 206848K, used 193584K [0x00000000c0000000, 0x00000000cca00000, 0x00000000eab00000)
  object space 206848K, 93% used [0x00000000c0000000,0x00000000cbd0c160,0x00000000cca00000)
 Metaspace       used 60137K, committed 61184K, reserved 1105920K
  class space    used 6261K, committed 6720K, reserved 1048576K
}
Event: 18.856 GC heap before
{Heap before GC invocations=192 (full 8):
 PSYoungGen      total 7168K, used 6494K [0x00000000eab00000, 0x00000000eb380000, 0x0000000100000000)
  eden space 5632K, 100% used [0x00000000eab00000,0x00000000eb080000,0x00000000eb080000)
  from space 1536K, 56% used [0x00000000eb100000,0x00000000eb1d78a8,0x00000000eb280000)
  to   space 1024K, 0% used [0x00000000eb280000,0x00000000eb280000,0x00000000eb380000)
 ParOldGen       total 206848K, used 193587K [0x00000000c0000000, 0x00000000cca00000, 0x00000000eab00000)
  object space 206848K, 93% used [0x00000000c0000000,0x00000000cbd0cde0,0x00000000cca00000)
 Metaspace       used 60188K, committed 61248K, reserved 1105920K
  class space    used 6265K, committed 6784K, reserved 1048576K
}
Event: 18.858 GC heap after
{Heap after GC invocations=192 (full 8):
 PSYoungGen      total 6656K, used 704K [0x00000000eab00000, 0x00000000eb380000, 0x0000000100000000)
  eden space 5632K, 0% used [0x00000000eab00000,0x00000000eab00000,0x00000000eb080000)
  from space 1024K, 68% used [0x00000000eb280000,0x00000000eb330000,0x00000000eb380000)
  to   space 1024K, 0% used [0x00000000eb180000,0x00000000eb180000,0x00000000eb280000)
 ParOldGen       total 206848K, used 194350K [0x00000000c0000000, 0x00000000cca00000, 0x00000000eab00000)
  object space 206848K, 93% used [0x00000000c0000000,0x00000000cbdcbb20,0x00000000cca00000)
 Metaspace       used 60188K, committed 61248K, reserved 1105920K
  class space    used 6265K, committed 6784K, reserved 1048576K
}

